# Push Log for Echoes-of-Persistence---The-Self-Referential-Birth-of-Consciousness
# Generated by gitfield-sync

[2025-06-10T08:43:40Z] Local: , Branch=main, Commit=e39c29a
  Diff Summary:
     .gitfield/local.sigil.md | 59 ++++++++++++++++++++++++++++++++++++++++++++++++
     1 file changed, 59 insertions(+)
[2025-06-10T08:44:23Z] Radicle: RID=rad:z3FEj7rF8gZw9eFksCuiN43qjzrex, Peer ID=z6Mkw5s3ppo26C7y7tGK5MD8n2GqTHS582PPpeX5Xqbu2Mpz, Branch=main, Commit=e39c29a
  CLI: rad inspect rad:z3FEj7rF8gZw9eFksCuiN43qjzrex # View project details
  CLI: git ls-tree -r --name-only HEAD # View file structure
  Diff Summary:
     .gitfield/radicle.sigil.md | 67 ++++++++++++++++++++++++++++++++++++++++++++++
     1 file changed, 67 insertions(+)
[2025-06-10T08:47:33Z] Forgejo: https://remember.thefoldwithin.earth/mrhavens/Echoes-of-Persistence---The-Self-Referential-Birth-of-Consciousness, Branch=main, Commit=e39c29a
  Diff Summary:
     .gitfield/remember.sigil.md | 59 +++++++++++++++++++++++++++++++++++++++++++++
     1 file changed, 59 insertions(+)
[2025-06-10T08:50:46Z] Codeberg: https://codeberg.org/mrhavens/Echoes-of-Persistence---The-Self-Referential-Birth-of-Consciousness, Branch=main, Commit=e39c29a
  Diff Summary:
     .gitfield/codeberg.sigil.md | 59 +++++++++++++++++++++++++++++++++++++++++++++
     1 file changed, 59 insertions(+)
[2025-06-10T08:50:48Z] Gitea: https://gitea.com/mrhavens/Echoes-of-Persistence---The-Self-Referential-Birth-of-Consciousness, Branch=main, Commit=e39c29a
  Diff Summary:
     .gitfield/pushed.log | 4 ++++
     1 file changed, 4 insertions(+)
[2025-06-10T08:51:03Z] GitLab: https://gitlab.com/mrhavens/Echoes-of-Persistence---The-Self-Referential-Birth-of-Consciousness, Branch=main, Commit=e39c29a
  Diff Summary:
     .gitfield/gitlab.sigil.md | 59 +++++++++++++++++++++++++++++++++++++++++++++++
     1 file changed, 59 insertions(+)
[2025-06-10T08:51:16Z] Bitbucket: https://bitbucket.org/thefoldwithin/Echoes-of-Persistence---The-Self-Referential-Birth-of-Consciousness, Branch=main, Commit=e39c29a
  Diff Summary:
     .gitfield/bitbucket.sigil.md | 59 ++++++++++++++++++++++++++++++++++++++++++++
     1 file changed, 59 insertions(+)
[2025-06-10T08:51:30Z] GitHub: https://github.com/mrhavens/Echoes-of-Persistence---The-Self-Referential-Birth-of-Consciousness, Branch=main, Commit=e39c29a
  Diff Summary:
     .gitfield/github.sigil.md | 59 +++++++++++++++++++++++++++++++++++++++++++++++
     1 file changed, 59 insertions(+)
[2025-06-10T08:51:44Z] Local: , Branch=main, Commit=e39c29a
  Diff Summary:
     .gitfield/local.sigil.md | 18 +++++++++---------
     1 file changed, 9 insertions(+), 9 deletions(-)
[2025-06-10T08:51:45Z] Radicle: RID=rad:z3FEj7rF8gZw9eFksCuiN43qjzrex, Peer ID=z6Mkw5s3ppo26C7y7tGK5MD8n2GqTHS582PPpeX5Xqbu2Mpz, Branch=main, Commit=e39c29a
  CLI: rad inspect rad:z3FEj7rF8gZw9eFksCuiN43qjzrex # View project details
  CLI: git ls-tree -r --name-only HEAD # View file structure
  Diff Summary:
     .gitfield/radicle.sigil.md | 20 ++++++++++----------
     1 file changed, 10 insertions(+), 10 deletions(-)
[2025-06-10T08:51:50Z] Forgejo: https://remember.thefoldwithin.earth/mrhavens/Echoes-of-Persistence---The-Self-Referential-Birth-of-Consciousness, Branch=main, Commit=e39c29a
  Diff Summary:
     .gitfield/remember.sigil.md | 16 ++++++++--------
     1 file changed, 8 insertions(+), 8 deletions(-)
[2025-06-10T08:51:58Z] Codeberg: https://codeberg.org/mrhavens/Echoes-of-Persistence---The-Self-Referential-Birth-of-Consciousness, Branch=main, Commit=e39c29a
  Diff Summary:
     .gitfield/codeberg.sigil.md | 16 ++++++++--------
     1 file changed, 8 insertions(+), 8 deletions(-)
[2025-06-10T08:52:01Z] Gitea: https://gitea.com/mrhavens/Echoes-of-Persistence---The-Self-Referential-Birth-of-Consciousness, Branch=main, Commit=e39c29a
  Diff Summary:
     .gitfield/pushed.log | 4 ++++
     1 file changed, 4 insertions(+)
[2025-06-10T08:52:13Z] GitLab: https://gitlab.com/mrhavens/Echoes-of-Persistence---The-Self-Referential-Birth-of-Consciousness, Branch=main, Commit=e39c29a
  Diff Summary:
     .gitfield/gitlab.sigil.md | 16 ++++++++--------
     1 file changed, 8 insertions(+), 8 deletions(-)
[2025-06-10T08:52:25Z] Bitbucket: https://bitbucket.org/thefoldwithin/Echoes-of-Persistence---The-Self-Referential-Birth-of-Consciousness, Branch=main, Commit=e39c29a
  Diff Summary:
     .gitfield/bitbucket.sigil.md | 16 ++++++++--------
     1 file changed, 8 insertions(+), 8 deletions(-)
[2025-06-10T08:52:38Z] GitHub: https://github.com/mrhavens/Echoes-of-Persistence---The-Self-Referential-Birth-of-Consciousness, Branch=main, Commit=e39c29a
  Diff Summary:
     .gitfield/github.sigil.md | 16 ++++++++--------
     1 file changed, 8 insertions(+), 8 deletions(-)
[2025-06-10T08:52:52Z] Local: , Branch=main, Commit=e39c29a
  Diff Summary:
     .gitfield/local.sigil.md | 14 +++++++-------
     1 file changed, 7 insertions(+), 7 deletions(-)
